<?xml version="1.0" encoding="UTF-8"?>
<!-- Generated by org.testng.reporters.JUnitXMLReporter -->
<testsuite ignored="0" hostname="DESKTOP-JLJMAA1" failures="0" tests="3" name="Test" time="41.468" errors="0" timestamp="2023-06-24T15:08:53 IST">
  <testcase classname="practice_with_framework.ValidLogin" name="testlogin" time="2.375"/>
  <testcase classname="practice_with_framework.ValidLogin" name="salesTest" time="18.468"/>
  <testcase classname="practice_with_framework.ValidLogin" name="itemTest" time="20.566"/>
</testsuite> <!-- Test -->
