<?xml version="1.0" encoding="UTF-8"?>
<testng-results ignored="0" total="3" passed="3" failed="0" skipped="0">
  <reporter-output>
    <line>
      <![CDATA[------open the browser-------]]>
    </line>
    <line>
      <![CDATA[------Close the browser-------]]>
    </line>
  </reporter-output>
  <suite started-at="2023-06-24T15:08:11 IST" name="Suite" finished-at="2023-06-24T15:08:53 IST" duration-ms="41468">
    <groups>
    </groups>
    <test started-at="2023-06-24T15:08:11 IST" name="Test" finished-at="2023-06-24T15:08:53 IST" duration-ms="41468">
      <class name="practice_with_framework.ValidLogin">
        <test-method is-config="true" signature="openapp()[pri:0, instance:practice_with_framework.ValidLogin@479d31f3]" started-at="2023-06-24T15:08:05 IST" name="openapp" finished-at="2023-06-24T15:08:11 IST" duration-ms="5571" status="PASS">
          <reporter-output>
            <line>
              <![CDATA[------open the browser-------]]>
            </line>
          </reporter-output>
        </test-method> <!-- openapp -->
        <test-method signature="testlogin()[pri:0, instance:practice_with_framework.ValidLogin@479d31f3]" started-at="2023-06-24T15:08:11 IST" name="testlogin" finished-at="2023-06-24T15:08:13 IST" duration-ms="2375" status="PASS">
          <reporter-output>
          </reporter-output>
        </test-method> <!-- testlogin -->
        <test-method signature="salesTest()[pri:1, instance:practice_with_framework.ValidLogin@479d31f3]" started-at="2023-06-24T15:08:13 IST" name="salesTest" finished-at="2023-06-24T15:08:32 IST" duration-ms="18468" status="PASS">
          <reporter-output>
          </reporter-output>
        </test-method> <!-- salesTest -->
        <test-method signature="itemTest()[pri:2, instance:practice_with_framework.ValidLogin@479d31f3]" started-at="2023-06-24T15:08:32 IST" name="itemTest" finished-at="2023-06-24T15:08:53 IST" duration-ms="20566" status="PASS">
          <reporter-output>
          </reporter-output>
        </test-method> <!-- itemTest -->
        <test-method is-config="true" signature="closeapp()[pri:0, instance:practice_with_framework.ValidLogin@479d31f3]" started-at="2023-06-24T15:08:53 IST" name="closeapp" finished-at="2023-06-24T15:08:53 IST" duration-ms="299" status="PASS">
          <reporter-output>
            <line>
              <![CDATA[------Close the browser-------]]>
            </line>
          </reporter-output>
        </test-method> <!-- closeapp -->
      </class> <!-- practice_with_framework.ValidLogin -->
    </test> <!-- Test -->
  </suite> <!-- Suite -->
</testng-results>
